<?xml version="1.0" encoding="UTF-8"?>
<!-- Generated by org.testng.reporters.JUnitReportReporter -->
<testsuite hostname="MSI" failures="0" tests="1" name="ActitimeAutomation.MavenDemo" time="0.004" errors="0" timestamp="2022-05-09T21:22:29 IST" skipped="0">
  <testcase classname="ActitimeAutomation.MavenDemo" name="disp" time="0.004"/>
  <system-out/>
</testsuite> <!-- ActitimeAutomation.MavenDemo -->
